#
# A fatal error has been detected by the Java Runtime Environment:
#
#  SIGSEGV (0xb) at pc=0x00007fff204524af, pid=39745, tid=0x0000000000000d03
#
# JRE version: OpenJDK Runtime Environment (8.0_242-b08) (build 1.8.0_242-b08)
# Java VM: OpenJDK 64-Bit Server VM (25.242-b08 mixed mode bsd-amd64 compressed oops)
# Problematic frame:
# C  [libobjc.A.dylib+0x84af]  objc_release+0x1f
#
# Failed to write core dump. Core dumps have been disabled. To enable core dumping, try "ulimit -c unlimited" before starting Java again
#
# If you would like to submit a bug report, please visit:
#   http://bugreport.java.com/bugreport/crash.jsp
# The crash happened outside the Java Virtual Machine in native code.
# See problematic frame for where to report the bug.
#

---------------  T H R E A D  ---------------

Current thread (0x00007fc37a00a000):  JavaThread "Client thread" [_thread_in_native, id=3331, stack(0x000070000f08b000,0x000070000f18b000)]

siginfo: si_signo: 11 (SIGSEGV), si_code: 1 (SEGV_MAPERR), si_addr: 0x0000000000000020

Registers:
RAX=0x6000000000000000, RBX=0x0000000000000001, RCX=0x0000000000000000, RDX=0x0000000000000003
RSP=0x000070000f1897e8, RBP=0x000070000f189820, RSI=0x00007fc38140fe40, RDI=0x00007fc37a982fc0
R8 =0x00007fc37b1806b0, R9 =0x000000000000003f, R10=0x000000013a2a1c68, R11=0x00007fff22e7710a
R12=0x00007fc37a982fc0, R13=0xa3a3a3a3a3a3a3a3, R14=0x00007fc37902a0a0, R15=0x00007fc37902a000
RIP=0x00007fff204524af, EFLAGS=0x0000000000010246, ERR=0x0000000000000004
  TRAPNO=0x000000000000000e

Top of Stack: (sp=0x000070000f1897e8)
0x000070000f1897e8:   00007fff2047020f fb847f7082280000
0x000070000f1897f8:   00007fc37902a000 0000000000000000
0x000070000f189808:   000000016e5ccf78 00007fff7bba0857
0x000070000f189818:   00007fc37a00a000 000070000f189840
0x000070000f189828:   00007fff20452e30 fb847f7082280073
0x000070000f189838:   00007fc37902a0a0 000070000f189860
0x000070000f189848:   00007fff2066ca86 fb847f7082280073
0x000070000f189858:   00007fc378c749d0 000070000f1898a0
0x000070000f189868:   00007fff213f6333 000070000f1898a0
0x000070000f189878:   000000013a279e0f 000000016e5ccf80
0x000070000f189888:   fb847f7082280073 000000016e5ccf80
0x000070000f189898:   000070000f189928 000070000f189900
0x000070000f1898a8:   000000010c4e5407 00000006fdf87458
0x000070000f1898b8:   000000010c4e5122 000070000f1898c0
0x000070000f1898c8:   000000016e5ccf78 000070000f189928
0x000070000f1898d8:   000000016e5cd4e0 0000000000000000
0x000070000f1898e8:   000000016e5ccf80 0000000000000000
0x000070000f1898f8:   000070000f189920 000070000f189970
0x000070000f189908:   000000010c4d4ffd 00000006fe07b168
0x000070000f189918:   000000010c4dea58 00000006fe090c58
0x000070000f189928:   00000006fdf87458 000070000f189930
0x000070000f189938:   000000016e5cce7f 000070000f1899a0
0x000070000f189948:   000000016e5cd4e0 0000000000000000
0x000070000f189958:   000000016e5ccef0 000070000f189920
0x000070000f189968:   000070000f189990 000070000f1899f8
0x000070000f189978:   000000010c4d5042 0000000000000000
0x000070000f189988:   00000006fdf87458 00000006fe090c58
0x000070000f189998:   00000006fdf873a0 00000006fe07b1f8
0x000070000f1899a8:   000000010c4e09e7 00000006fe07b208
0x000070000f1899b8:   000070000f1899a8 000000016e5ca86e
0x000070000f1899c8:   000070000f189a08 000000016e5cb708
0x000070000f1899d8:   0000000000000000 000000016e5ca8a0 

Instructions: (pc=0x00007fff204524af)
0x00007fff2045248f:   90 48 85 ff 74 76 89 f8 83 e0 01 48 85 c0 75 6c
0x00007fff2045249f:   48 8b 07 48 b9 f8 ff ff ff ff 7f 00 00 48 21 c1
0x00007fff204524af:   48 8b 51 20 f6 c2 04 74 54 a8 01 74 6f 48 b9 00
0x00007fff204524bf:   00 00 00 00 00 80 00 48 ba 00 00 00 00 00 00 00 

Register to memory mapping:

RAX=0x6000000000000000 is an unknown value
RBX=0x0000000000000001 is an unknown value
RCX=0x0000000000000000 is an unknown value
RDX=0x0000000000000003 is an unknown value
RSP=0x000070000f1897e8 is pointing into the stack for thread: 0x00007fc37a00a000
RBP=0x000070000f189820 is pointing into the stack for thread: 0x00007fc37a00a000
RSI=0x00007fc38140fe40 is an unknown value
RDI=0x00007fc37a982fc0 is an unknown value
R8 =0x00007fc37b1806b0 is an unknown value
R9 =0x000000000000003f is an unknown value
R10=0x000000013a2a1c68: OBJC_CLASS_$_MacOSXOpenGLView+0 in /Users/tristanpoland/Library/Application Support/gdlauncher_next/instances/Cruel World survival/natives/liblwjgl.dylib at 0x000000013a264000
R11=0x00007fff22e7710a: -[NSResponder release]+0 in /System/Library/Frameworks/AppKit.framework/Versions/C/AppKit at 0x00007fff22e6c000
R12=0x00007fc37a982fc0 is an unknown value
R13=0xa3a3a3a3a3a3a3a3 is an unknown value
R14=0x00007fc37902a0a0 is an unknown value
R15=0x00007fc37902a000 is an unknown value


Stack: [0x000070000f08b000,0x000070000f18b000],  sp=0x000070000f1897e8,  free space=1017k
Native frames: (J=compiled Java code, j=interpreted, Vv=VM code, C=native code)
C  [libobjc.A.dylib+0x84af]  objc_release+0x1f
C  [libobjc.A.dylib+0x8e30]  objc_autoreleasePoolPop+0xa1
C  [CoreFoundation+0x42a86]  _CFAutoreleasePoolPop+0x16
C  [Foundation+0x1f333]  -[NSAutoreleasePool release]+0x83
j  org.lwjgl.opengl.MacOSXContextImplementation.setView(Ljava/nio/ByteBuffer;Ljava/nio/ByteBuffer;)V+0
j  org.lwjgl.opengl.MacOSXContextImplementation.makeCurrent(Lorg/lwjgl/opengl/PeerInfo;Ljava/nio/ByteBuffer;)V+7
j  org.lwjgl.opengl.ContextGL.makeCurrent()V+46
j  org.lwjgl.opengl.DrawableGL.makeCurrent()V+14
j  org.lwjgl.opengl.Display.makeCurrent()V+3
j  org.lwjgl.opengl.Display.makeCurrentAndSetSwapInterval()V+0
j  org.lwjgl.opengl.Display.create(Lorg/lwjgl/opengl/PixelFormat;Lorg/lwjgl/opengl/Drawable;Lorg/lwjgl/opengl/ContextAttribs;)V+108
j  org.lwjgl.opengl.Display.create(Lorg/lwjgl/opengl/PixelFormat;)V+12
j  net.minecraft.client.Minecraft.func_175609_am()V+22
j  net.minecraft.client.Minecraft.func_71384_a()V+119
j  net.minecraft.client.Minecraft.func_99999_d()V+6
j  net.minecraft.client.main.Main.main([Ljava/lang/String;)V+1094
v  ~StubRoutines::call_stub
V  [libjvm.dylib+0x2e3fa7]
V  [libjvm.dylib+0x4ac608]
V  [libjvm.dylib+0x4acb3c]
V  [libjvm.dylib+0x3204b6]
j  sun.reflect.NativeMethodAccessorImpl.invoke0(Ljava/lang/reflect/Method;Ljava/lang/Object;[Ljava/lang/Object;)Ljava/lang/Object;+0
J 4165 C1 sun.reflect.NativeMethodAccessorImpl.invoke(Ljava/lang/Object;[Ljava/lang/Object;)Ljava/lang/Object; (104 bytes) @ 0x000000010c9ef054 [0x000000010c9ede80+0x11d4]
J 2162 C1 sun.reflect.DelegatingMethodAccessorImpl.invoke(Ljava/lang/Object;[Ljava/lang/Object;)Ljava/lang/Object; (10 bytes) @ 0x000000010cc2148c [0x000000010cc21380+0x10c]
J 2161 C1 java.lang.reflect.Method.invoke(Ljava/lang/Object;[Ljava/lang/Object;)Ljava/lang/Object; (62 bytes) @ 0x000000010cc21c5c [0x000000010cc21860+0x3fc]
j  net.minecraft.launchwrapper.Launch.launch([Ljava/lang/String;)V+661
j  net.minecraft.launchwrapper.Launch.main([Ljava/lang/String;)V+8
v  ~StubRoutines::call_stub
V  [libjvm.dylib+0x2e3fa7]
V  [libjvm.dylib+0x2fed90]
V  [libjvm.dylib+0x2f776b]
C  [java+0x38c6]  JavaMain+0x9c4
C  [libsystem_pthread.dylib+0x68fc]  _pthread_start+0xe0
C  [libsystem_pthread.dylib+0x2443]  thread_start+0xf
C  0x0000000000000000

Java frames: (J=compiled Java code, j=interpreted, Vv=VM code)
j  org.lwjgl.opengl.MacOSXContextImplementation.setView(Ljava/nio/ByteBuffer;Ljava/nio/ByteBuffer;)V+0
j  org.lwjgl.opengl.MacOSXContextImplementation.makeCurrent(Lorg/lwjgl/opengl/PeerInfo;Ljava/nio/ByteBuffer;)V+7
j  org.lwjgl.opengl.ContextGL.makeCurrent()V+46
j  org.lwjgl.opengl.DrawableGL.makeCurrent()V+14
j  org.lwjgl.opengl.Display.makeCurrent()V+3
j  org.lwjgl.opengl.Display.makeCurrentAndSetSwapInterval()V+0
j  org.lwjgl.opengl.Display.create(Lorg/lwjgl/opengl/PixelFormat;Lorg/lwjgl/opengl/Drawable;Lorg/lwjgl/opengl/ContextAttribs;)V+108
j  org.lwjgl.opengl.Display.create(Lorg/lwjgl/opengl/PixelFormat;)V+12
j  net.minecraft.client.Minecraft.func_175609_am()V+22
j  net.minecraft.client.Minecraft.func_71384_a()V+119
j  net.minecraft.client.Minecraft.func_99999_d()V+6
j  net.minecraft.client.main.Main.main([Ljava/lang/String;)V+1094
v  ~StubRoutines::call_stub
j  sun.reflect.NativeMethodAccessorImpl.invoke0(Ljava/lang/reflect/Method;Ljava/lang/Object;[Ljava/lang/Object;)Ljava/lang/Object;+0
J 4165 C1 sun.reflect.NativeMethodAccessorImpl.invoke(Ljava/lang/Object;[Ljava/lang/Object;)Ljava/lang/Object; (104 bytes) @ 0x000000010c9ef054 [0x000000010c9ede80+0x11d4]
J 2162 C1 sun.reflect.DelegatingMethodAccessorImpl.invoke(Ljava/lang/Object;[Ljava/lang/Object;)Ljava/lang/Object; (10 bytes) @ 0x000000010cc2148c [0x000000010cc21380+0x10c]
J 2161 C1 java.lang.reflect.Method.invoke(Ljava/lang/Object;[Ljava/lang/Object;)Ljava/lang/Object; (62 bytes) @ 0x000000010cc21c5c [0x000000010cc21860+0x3fc]
j  net.minecraft.launchwrapper.Launch.launch([Ljava/lang/String;)V+661
j  net.minecraft.launchwrapper.Launch.main([Ljava/lang/String;)V+8
v  ~StubRoutines::call_stub

---------------  P R O C E S S  ---------------

Java Threads: ( => current thread )
  0x00007fc37919b000 JavaThread "AWT-Shutdown" [_thread_blocked, id=18183, stack(0x0000700010753000,0x0000700010853000)]
  0x00007fc38202f000 JavaThread "Timer hack thread" daemon [_thread_blocked, id=31011, stack(0x0000700010650000,0x0000700010750000)]
  0x00007fc3791c9000 JavaThread "Snooper Timer" daemon [_thread_blocked, id=18695, stack(0x00007000104ca000,0x00007000105ca000)]
  0x00007fc37ba34800 JavaThread "Java2D Disposer" daemon [_thread_blocked, id=49427, stack(0x0000700010ae5000,0x0000700010be5000)]
  0x00007fc37c387000 JavaThread "Java2D Queue Flusher" daemon [_thread_blocked, id=81935, stack(0x00007000109e2000,0x0000700010ae2000)]
  0x00007fc37a3d7800 JavaThread "AppKit Thread" daemon [_thread_in_native, id=259, stack(0x00007ffee9a56000,0x00007ffeea256000)]
  0x00007fc37a02d000 JavaThread "Service Thread" daemon [_thread_blocked, id=16643, stack(0x00007000102c4000,0x00007000103c4000)]
  0x00007fc37b817000 JavaThread "C1 CompilerThread3" daemon [_thread_blocked, id=16899, stack(0x00007000101c1000,0x00007000102c1000)]
  0x00007fc37b816800 JavaThread "C2 CompilerThread2" daemon [_thread_in_vm, id=15363, stack(0x00007000100be000,0x00007000101be000)]
  0x00007fc37b815800 JavaThread "C2 CompilerThread1" daemon [_thread_blocked, id=15107, stack(0x000070000ffbb000,0x00007000100bb000)]
  0x00007fc37d01a000 JavaThread "C2 CompilerThread0" daemon [_thread_in_native, id=14595, stack(0x000070000feb8000,0x000070000ffb8000)]
  0x00007fc37b00a800 JavaThread "Signal Dispatcher" daemon [_thread_blocked, id=14083, stack(0x000070000fdb5000,0x000070000feb5000)]
  0x00007fc37c80e800 JavaThread "Finalizer" daemon [_thread_blocked, id=12291, stack(0x000070000fbac000,0x000070000fcac000)]
  0x00007fc379026800 JavaThread "Reference Handler" daemon [_thread_blocked, id=12035, stack(0x000070000faa9000,0x000070000fba9000)]
=>0x00007fc37a00a000 JavaThread "Client thread" [_thread_in_native, id=3331, stack(0x000070000f08b000,0x000070000f18b000)]

Other Threads:
  0x00007fc37d019000 VMThread [stack: 0x000070000f9a6000,0x000070000faa6000] [id=11523]
  0x00007fc37c80f800 WatcherThread [stack: 0x00007000103c7000,0x00007000104c7000] [id=16387]

VM state:not at safepoint (normal execution)

VM Mutex/Monitor currently owned by a thread: None

heap address: 0x0000000540000000, size: 10240 MB, Compressed Oops mode: Zero based, Oop shift amount: 3
Narrow klass base: 0x0000000000000000, Narrow klass shift: 3
Compressed class space size: 1073741824 Address: 0x00000007c0000000

Heap:
 PSYoungGen      total 931328K, used 348593K [0x00000006eab00000, 0x000000072d280000, 0x00000007c0000000)
  eden space 812544K, 41% used [0x00000006eab00000,0x00000006ff3047c0,0x000000071c480000)
  from space 118784K, 10% used [0x0000000725e80000,0x0000000726ae7f80,0x000000072d280000)
  to   space 138240K, 0% used [0x000000071c480000,0x000000071c480000,0x0000000724b80000)
 ParOldGen       total 288768K, used 127464K [0x0000000540000000, 0x0000000551a00000, 0x00000006eab00000)
  object space 288768K, 44% used [0x0000000540000000,0x0000000547c7a250,0x0000000551a00000)
 Metaspace       used 42881K, capacity 43524K, committed 44032K, reserved 1087488K
  class space    used 5608K, capacity 5854K, committed 5888K, reserved 1048576K

Card table byte_map: [0x000000010ab0e000,0x000000010bf0f000] byte_map_base: 0x000000010810e000

Marking Bits: (ParMarkBitMap*) 0x000000010a89f5b0
 Begin Bits: [0x000000011c223000, 0x0000000126223000)
 End Bits:   [0x0000000126223000, 0x0000000130223000)

Polling page: 0x0000000105a1d000

CodeCache: size=245760Kb used=17510Kb max_used=17583Kb free=228249Kb
 bounds [0x000000010c4cd000, 0x000000010d61d000, 0x000000011b4cd000]
 total_blobs=5886 nmethods=5146 adapters=652
 compilation: enabled

Compilation events (10 events):
Event: 21.934 Thread 0x00007fc37b815800 nmethod 6271 0x000000010d044e90 code [0x000000010d044fe0, 0x000000010d045078]
Event: 21.934 Thread 0x00007fc37b815800 4985       4       org.objectweb.asm.tree.LdcInsnNode::<init> (12 bytes)
Event: 21.934 Thread 0x00007fc37b815800 nmethod 4985 0x000000010d0443d0 code [0x000000010d044520, 0x000000010d0445b8]
Event: 21.934 Thread 0x00007fc37b815800 4809       4       org.objectweb.asm.tree.MethodNode::visitLdcInsn (16 bytes)
Event: 21.936 Thread 0x00007fc37b815800 nmethod 4809 0x000000010d043fd0 code [0x000000010d044120, 0x000000010d0442b8]
Event: 21.936 Thread 0x00007fc37b815800 5015       4       org.objectweb.asm.MethodWriter::visitLdcInsn (184 bytes)
Event: 21.938 Thread 0x00007fc37d01a000 nmethod 6274 0x000000010d045d90 code [0x000000010d045f00, 0x000000010d046578]
Event: 21.938 Thread 0x00007fc37d01a000 6023       4       java.lang.Object::equals (11 bytes)
Event: 21.939 Thread 0x00007fc37d01a000 nmethod 6023 0x000000010d043d90 code [0x000000010d043ee0, 0x000000010d043f58]
Event: 21.939 Thread 0x00007fc37d01a000 4435       4       org.objectweb.asm.MethodWriter::visitInsn (114 bytes)

GC Heap History (10 events):
Event: 16.018 GC heap before
{Heap before GC invocations=10 (full 1):
 PSYoungGen      total 503808K, used 503794K [0x00000006eab00000, 0x0000000715980000, 0x00000007c0000000)
  eden space 412160K, 100% used [0x00000006eab00000,0x0000000703d80000,0x0000000703d80000)
  from space 91648K, 99% used [0x000000070ac00000,0x000000071057cad8,0x0000000710580000)
  to   space 113152K, 0% used [0x0000000703d80000,0x0000000703d80000,0x000000070ac00000)
 ParOldGen       total 196096K, used 43401K [0x0000000540000000, 0x000000054bf80000, 0x00000006eab00000)
  object space 196096K, 22% used [0x0000000540000000,0x0000000542a62788,0x000000054bf80000)
 Metaspace       used 30128K, capacity 30698K, committed 30976K, reserved 1077248K
  class space    used 3576K, capacity 3763K, committed 3840K, reserved 1048576K
Event: 16.096 GC heap after
Heap after GC invocations=10 (full 1):
 PSYoungGen      total 525312K, used 83919K [0x00000006eab00000, 0x000000071d900000, 0x00000007c0000000)
  eden space 412160K, 0% used [0x00000006eab00000,0x00000006eab00000,0x0000000703d80000)
  from space 113152K, 74% used [0x0000000703d80000,0x0000000708f73f80,0x000000070ac00000)
  to   space 123392K, 0% used [0x0000000716080000,0x0000000716080000,0x000000071d900000)
 ParOldGen       total 196096K, used 43409K [0x0000000540000000, 0x000000054bf80000, 0x00000006eab00000)
  object space 196096K, 22% used [0x0000000540000000,0x0000000542a64788,0x000000054bf80000)
 Metaspace       used 30128K, capacity 30698K, committed 30976K, reserved 1077248K
  class space    used 3576K, capacity 3763K, committed 3840K, reserved 1048576K
}
Event: 17.060 GC heap before
{Heap before GC invocations=11 (full 1):
 PSYoungGen      total 525312K, used 496079K [0x00000006eab00000, 0x000000071d900000, 0x00000007c0000000)
  eden space 412160K, 100% used [0x00000006eab00000,0x0000000703d80000,0x0000000703d80000)
  from space 113152K, 74% used [0x0000000703d80000,0x0000000708f73f80,0x000000070ac00000)
  to   space 123392K, 0% used [0x0000000716080000,0x0000000716080000,0x000000071d900000)
 ParOldGen       total 196096K, used 43409K [0x0000000540000000, 0x000000054bf80000, 0x00000006eab00000)
  object space 196096K, 22% used [0x0000000540000000,0x0000000542a64788,0x000000054bf80000)
 Metaspace       used 31908K, capacity 32482K, committed 32640K, reserved 1077248K
  class space    used 3765K, capacity 3925K, committed 3968K, reserved 1048576K
Event: 17.150 GC heap after
Heap after GC invocations=11 (full 1):
 PSYoungGen      total 697856K, used 98541K [0x00000006eab00000, 0x000000071fa00000, 0x00000007c0000000)
  eden space 574464K, 0% used [0x00000006eab00000,0x00000006eab00000,0x000000070dc00000)
  from space 123392K, 79% used [0x0000000716080000,0x000000071c0bb720,0x000000071d900000)
  to   space 135680K, 0% used [0x000000070dc00000,0x000000070dc00000,0x0000000716080000)
 ParOldGen       total 196096K, used 44227K [0x0000000540000000, 0x000000054bf80000, 0x00000006eab00000)
  object space 196096K, 22% used [0x0000000540000000,0x0000000542b30eb8,0x000000054bf80000)
 Metaspace       used 31908K, capacity 32482K, committed 32640K, reserved 1077248K
  class space    used 3765K, capacity 3925K, committed 3968K, reserved 1048576K
}
Event: 18.424 GC heap before
{Heap before GC invocations=12 (full 1):
 PSYoungGen      total 697856K, used 445760K [0x00000006eab00000, 0x000000071fa00000, 0x00000007c0000000)
  eden space 574464K, 60% used [0x00000006eab00000,0x00000006ffe14b78,0x000000070dc00000)
  from space 123392K, 79% used [0x0000000716080000,0x000000071c0bb720,0x000000071d900000)
  to   space 135680K, 0% used [0x000000070dc00000,0x000000070dc00000,0x0000000716080000)
 ParOldGen       total 196096K, used 44227K [0x0000000540000000, 0x000000054bf80000, 0x00000006eab00000)
  object space 196096K, 22% used [0x0000000540000000,0x0000000542b30eb8,0x000000054bf80000)
 Metaspace       used 34725K, capacity 35288K, committed 35496K, reserved 1081344K
  class space    used 4156K, capacity 4348K, committed 4352K, reserved 1048576K
Event: 18.496 GC heap after
Heap after GC invocations=12 (full 1):
 PSYoungGen      total 710144K, used 84139K [0x00000006eab00000, 0x000000072e780000, 0x00000007c0000000)
  eden space 574464K, 0% used [0x00000006eab00000,0x00000006eab00000,0x000000070dc00000)
  from space 135680K, 62% used [0x000000070dc00000,0x0000000712e2ad20,0x0000000716080000)
  to   space 140288K, 0% used [0x0000000725e80000,0x0000000725e80000,0x000000072e780000)
 ParOldGen       total 196096K, used 64325K [0x0000000540000000, 0x000000054bf80000, 0x00000006eab00000)
  object space 196096K, 32% used [0x0000000540000000,0x0000000543ed1640,0x000000054bf80000)
 Metaspace       used 34725K, capacity 35288K, committed 35496K, reserved 1081344K
  class space    used 4156K, capacity 4348K, committed 4352K, reserved 1048576K
}
Event: 18.496 GC heap before
{Heap before GC invocations=13 (full 2):
 PSYoungGen      total 710144K, used 84139K [0x00000006eab00000, 0x000000072e780000, 0x00000007c0000000)
  eden space 574464K, 0% used [0x00000006eab00000,0x00000006eab00000,0x000000070dc00000)
  from space 135680K, 62% used [0x000000070dc00000,0x0000000712e2ad20,0x0000000716080000)
  to   space 140288K, 0% used [0x0000000725e80000,0x0000000725e80000,0x000000072e780000)
 ParOldGen       total 196096K, used 64325K [0x0000000540000000, 0x000000054bf80000, 0x00000006eab00000)
  object space 196096K, 32% used [0x0000000540000000,0x0000000543ed1640,0x000000054bf80000)
 Metaspace       used 34725K, capacity 35288K, committed 35496K, reserved 1081344K
  class space    used 4156K, capacity 4348K, committed 4352K, reserved 1048576K
Event: 18.810 GC heap after
Heap after GC invocations=13 (full 2):
 PSYoungGen      total 710144K, used 0K [0x00000006eab00000, 0x000000072e780000, 0x00000007c0000000)
  eden space 574464K, 0% used [0x00000006eab00000,0x00000006eab00000,0x000000070dc00000)
  from space 135680K, 0% used [0x000000070dc00000,0x000000070dc00000,0x0000000716080000)
  to   space 140288K, 0% used [0x0000000725e80000,0x0000000725e80000,0x000000072e780000)
 ParOldGen       total 288768K, used 127456K [0x0000000540000000, 0x0000000551a00000, 0x00000006eab00000)
  object space 288768K, 44% used [0x0000000540000000,0x0000000547c78250,0x0000000551a00000)
 Metaspace       used 34725K, capacity 35288K, committed 35496K, reserved 1081344K
  class space    used 4156K, capacity 4348K, committed 4352K, reserved 1048576K
}
Event: 20.606 GC heap before
{Heap before GC invocations=14 (full 2):
 PSYoungGen      total 710144K, used 574464K [0x00000006eab00000, 0x000000072e780000, 0x00000007c0000000)
  eden space 574464K, 100% used [0x00000006eab00000,0x000000070dc00000,0x000000070dc00000)
  from space 135680K, 0% used [0x000000070dc00000,0x000000070dc00000,0x0000000716080000)
  to   space 140288K, 0% used [0x0000000725e80000,0x0000000725e80000,0x000000072e780000)
 ParOldGen       total 288768K, used 127456K [0x0000000540000000, 0x0000000551a00000, 0x00000006eab00000)
  object space 288768K, 44% used [0x0000000540000000,0x0000000547c78250,0x0000000551a00000)
 Metaspace       used 39547K, capacity 40098K, committed 40448K, reserved 1085440K
  class space    used 5183K, capacity 5373K, committed 5376K, reserved 1048576K
Event: 20.640 GC heap after
Heap after GC invocations=14 (full 2):
 PSYoungGen      total 931328K, used 12703K [0x00000006eab00000, 0x000000072d280000, 0x00000007c0000000)
  eden space 812544K, 0% used [0x00000006eab00000,0x00000006eab00000,0x000000071c480000)
  from space 118784K, 10% used [0x0000000725e80000,0x0000000726ae7f80,0x000000072d280000)
  to   space 138240K, 0% used [0x000000071c480000,0x000000071c480000,0x0000000724b80000)
 ParOldGen       total 288768K, used 127464K [0x0000000540000000, 0x0000000551a00000, 0x00000006eab00000)
  object space 288768K, 44% used [0x0000000540000000,0x0000000547c7a250,0x0000000551a00000)
 Metaspace       used 39547K, capacity 40098K, committed 40448K, reserved 1085440K
  class space    used 5183K, capacity 5373K, committed 5376K, reserved 1048576K
}

Deoptimization events (10 events):
Event: 20.805 Thread 0x00007fc37a00a000 Uncommon trap: reason=unstable_if action=reinterpret pc=0x000000010c729d74 method=org.objectweb.asm.ClassReader.getImplicitFrame(Lorg/objectweb/asm/Context;)V @ 264
Event: 20.805 Thread 0x00007fc37a00a000 Uncommon trap: reason=unstable_if action=reinterpret pc=0x000000010cf9e368 method=org.objectweb.asm.MethodWriter.visitImplicitFirstFrame()V @ 270
Event: 20.861 Thread 0x00007fc37a00a000 Uncommon trap: reason=bimorphic action=maybe_recompile pc=0x000000010d563210 method=java.util.HashMap.putVal(ILjava/lang/Object;Ljava/lang/Object;ZZ)Ljava/lang/Object; @ 203
Event: 20.861 Thread 0x00007fc37a00a000 Uncommon trap: reason=bimorphic action=maybe_recompile pc=0x000000010d563210 method=java.util.HashMap.putVal(ILjava/lang/Object;Ljava/lang/Object;ZZ)Ljava/lang/Object; @ 203
Event: 20.861 Thread 0x00007fc37a00a000 Uncommon trap: reason=bimorphic action=maybe_recompile pc=0x000000010d563210 method=java.util.HashMap.putVal(ILjava/lang/Object;Ljava/lang/Object;ZZ)Ljava/lang/Object; @ 203
Event: 20.861 Thread 0x00007fc37a00a000 Uncommon trap: reason=bimorphic action=maybe_recompile pc=0x000000010d563210 method=java.util.HashMap.putVal(ILjava/lang/Object;Ljava/lang/Object;ZZ)Ljava/lang/Object; @ 203
Event: 21.094 Thread 0x00007fc37a00a000 Uncommon trap: reason=unstable_if action=reinterpret pc=0x000000010cc25438 method=java.lang.ThreadLocal$ThreadLocalMap.set(Ljava/lang/ThreadLocal;Ljava/lang/Object;)V @ 119
Event: 21.130 Thread 0x00007fc37a00a000 Uncommon trap: reason=unstable_if action=reinterpret pc=0x000000010d0535ec method=java.util.Date.normalize()Lsun/util/calendar/BaseCalendar$Date; @ 45
Event: 21.351 Thread 0x00007fc37a00a000 Uncommon trap: reason=unstable_if action=reinterpret pc=0x000000010c6b7410 method=com.google.common.base.Splitter$SplittingIterator.computeNext()Ljava/lang/String; @ 193
Event: 21.761 Thread 0x00007fc37bbcd000 Uncommon trap: reason=unstable_if action=reinterpret pc=0x000000010c95029c method=sun.net.www.MessageHeader.grow()V @ 4

Classes redefined (0 events):
No events

Internal exceptions (10 events):
Event: 21.858 Thread 0x00007fc37a00a000 Implicit null exception at 0x000000010cb94fb4 to 0x000000010cb96246
Event: 21.858 Thread 0x00007fc37a00a000 Exception <a 'java/lang/NullPointerException'> (0x00000006fde3cbc8) thrown at [/Users/jenkins/workspace/build-scripts/jobs/jdk8u/jdk8u-mac-x64-hotspot/workspace/build/src/hotspot/src/share/vm/runtime/sharedRuntime.cpp, line 605]
Event: 21.858 Thread 0x00007fc37a00a000 Implicit null exception at 0x000000010cb94fb4 to 0x000000010cb96246
Event: 21.858 Thread 0x00007fc37a00a000 Exception <a 'java/lang/NullPointerException'> (0x00000006fde44010) thrown at [/Users/jenkins/workspace/build-scripts/jobs/jdk8u/jdk8u-mac-x64-hotspot/workspace/build/src/hotspot/src/share/vm/runtime/sharedRuntime.cpp, line 605]
Event: 21.859 Thread 0x00007fc37a00a000 Implicit null exception at 0x000000010cb94fb4 to 0x000000010cb96246
Event: 21.859 Thread 0x00007fc37a00a000 Exception <a 'java/lang/NullPointerException'> (0x00000006fde4c510) thrown at [/Users/jenkins/workspace/build-scripts/jobs/jdk8u/jdk8u-mac-x64-hotspot/workspace/build/src/hotspot/src/share/vm/runtime/sharedRuntime.cpp, line 605]
Event: 21.859 Thread 0x00007fc37a00a000 Implicit null exception at 0x000000010cb94fb4 to 0x000000010cb96246
Event: 21.859 Thread 0x00007fc37a00a000 Exception <a 'java/lang/NullPointerException'> (0x00000006fde58608) thrown at [/Users/jenkins/workspace/build-scripts/jobs/jdk8u/jdk8u-mac-x64-hotspot/workspace/build/src/hotspot/src/share/vm/runtime/sharedRuntime.cpp, line 605]
Event: 21.859 Thread 0x00007fc37a00a000 Implicit null exception at 0x000000010cb94fb4 to 0x000000010cb96246
Event: 21.859 Thread 0x00007fc37a00a000 Exception <a 'java/lang/NullPointerException'> (0x00000006fde5fa68) thrown at [/Users/jenkins/workspace/build-scripts/jobs/jdk8u/jdk8u-mac-x64-hotspot/workspace/build/src/hotspot/src/share/vm/runtime/sharedRuntime.cpp, line 605]

Events (10 events):
Event: 21.915 loading class org/lwjgl/opengl/ContextGL
Event: 21.915 loading class org/lwjgl/opengl/ContextGL done
Event: 21.915 loading class org/lwjgl/opengl/ContextImplementation
Event: 21.915 loading class org/lwjgl/opengl/ContextImplementation done
Event: 21.916 loading class org/lwjgl/opengl/MacOSXContextImplementation
Event: 21.916 loading class org/lwjgl/opengl/MacOSXContextImplementation done
Event: 21.917 loading class org/lwjgl/opengl/GLContext
Event: 21.917 loading class org/lwjgl/opengl/GLContext done
Event: 21.918 loading class org/lwjgl/opengl/GLContext$CapabilitiesCacheEntry
Event: 21.918 loading class org/lwjgl/opengl/GLContext$CapabilitiesCacheEntry done


Dynamic libraries:
0x00007fff350c9000 	/System/Library/Frameworks/Cocoa.framework/Versions/A/Cocoa
0x00007fff2243e000 	/System/Library/Frameworks/Security.framework/Versions/A/Security
0x00007fff332d6000 	/System/Library/Frameworks/ApplicationServices.framework/Versions/A/ApplicationServices
0x00007fff2a6bb000 	/usr/lib/libz.1.dylib
0x00007fff2a783000 	/usr/lib/libSystem.B.dylib
0x00007fff2044a000 	/usr/lib/libobjc.A.dylib
0x00007fff213d7000 	/System/Library/Frameworks/Foundation.framework/Versions/C/Foundation
0x00007fff2062a000 	/System/Library/Frameworks/CoreFoundation.framework/Versions/A/CoreFoundation
0x00007fff22e6c000 	/System/Library/Frameworks/AppKit.framework/Versions/C/AppKit
0x00007fff25d2b000 	/System/Library/Frameworks/CoreData.framework/Versions/A/CoreData
0x00007fff23bb5000 	/System/Library/PrivateFrameworks/UIFoundation.framework/Versions/A/UIFoundation
0x00007fff2fdac000 	/System/Library/PrivateFrameworks/RemoteViewServices.framework/Versions/A/RemoteViewServices
0x00007fff28bc7000 	/System/Library/PrivateFrameworks/XCTTargetBootstrap.framework/Versions/A/XCTTargetBootstrap
0x00007fff2b8ac000 	/usr/lib/libspindump.dylib
0x00007fff23e04000 	/System/Library/Frameworks/UniformTypeIdentifiers.framework/Versions/A/UniformTypeIdentifiers
0x00007fff273c7000 	/usr/lib/libapp_launch_measurement.dylib
0x00007fff273ca000 	/System/Library/PrivateFrameworks/CoreAutoLayout.framework/Versions/A/CoreAutoLayout
0x00007fff2852a000 	/System/Library/Frameworks/Metal.framework/Versions/A/Metal
0x00007fff29224000 	/usr/lib/liblangid.dylib
0x00007fff28bcb000 	/System/Library/PrivateFrameworks/CoreSVG.framework/Versions/A/CoreSVG
0x00007fff24e43000 	/System/Library/PrivateFrameworks/SkyLight.framework/Versions/A/SkyLight
0x00007fff251a8000 	/System/Library/Frameworks/CoreGraphics.framework/Versions/A/CoreGraphics
0x00007fff302d3000 	/System/Library/Frameworks/Accelerate.framework/Versions/A/Accelerate
0x00007fff2b2ea000 	/System/Library/PrivateFrameworks/IconServices.framework/Versions/A/IconServices
0x00007fff2850e000 	/System/Library/Frameworks/IOSurface.framework/Versions/A/IOSurface
0x00007fff266b3000 	/usr/lib/libDiagnosticMessagesClient.dylib
0x00007fff28bb3000 	/System/Library/PrivateFrameworks/DFRFoundation.framework/Versions/A/DFRFoundation
0x00007fff22793000 	/usr/lib/libicucore.A.dylib
0x00007fff2cdf3000 	/System/Library/Frameworks/AudioToolbox.framework/Versions/A/AudioToolbox
0x00007fff2c07d000 	/System/Library/PrivateFrameworks/DataDetectorsCore.framework/Versions/A/DataDetectorsCore
0x00007fff24db7000 	/usr/lib/libMobileGestalt.dylib
0x00007fff288b7000 	/System/Library/Frameworks/Carbon.framework/Versions/A/Frameworks/HIToolbox.framework/Versions/A/HIToolbox
0x00007fff26e0d000 	/System/Library/Frameworks/QuartzCore.framework/Versions/A/QuartzCore
0x00007fff2fde4000 	/System/Library/Frameworks/Carbon.framework/Versions/A/Frameworks/SpeechRecognition.framework/Versions/A/SpeechRecognition
0x00007fff2712c000 	/System/Library/PrivateFrameworks/CoreUI.framework/Versions/A/CoreUI
0x00007fff21dad000 	/System/Library/Frameworks/CoreAudio.framework/Versions/A/CoreAudio
0x00007fff2679e000 	/System/Library/Frameworks/DiskArbitration.framework/Versions/A/DiskArbitration
0x00007fff2bc7a000 	/System/Library/PrivateFrameworks/MultitouchSupport.framework/Versions/A/MultitouchSupport
0x00007fff2c074000 	/System/Library/PrivateFrameworks/InternationalSupport.framework/Versions/A/InternationalSupport
0x00007fff24db6000 	/usr/lib/libenergytrace.dylib
0x00007fff22d63000 	/System/Library/Frameworks/IOKit.framework/Versions/A/IOKit
0x00007fff30117000 	/System/Library/Frameworks/CoreServices.framework/Versions/A/CoreServices
0x00007fff27359000 	/System/Library/PrivateFrameworks/PerformanceAnalysis.framework/Versions/A/PerformanceAnalysis
0x00007fff6bbcb000 	/System/Library/Frameworks/OpenGL.framework/Versions/A/OpenGL
0x00007fff2c0f8000 	/System/Library/PrivateFrameworks/UserActivity.framework/Versions/A/UserActivity
0x00007fff25832000 	/System/Library/Frameworks/ColorSync.framework/Versions/A/ColorSync
0x00007fff28e32000 	/System/Library/Frameworks/CoreImage.framework/Versions/A/CoreImage
0x00007fff21bc7000 	/System/Library/Frameworks/CoreText.framework/Versions/A/CoreText
0x00007fff28bf5000 	/System/Library/Frameworks/ImageIO.framework/Versions/A/ImageIO
0x00007fff2a789000 	/System/Library/PrivateFrameworks/SoftLinking.framework/Versions/A/SoftLinking
0x00007fff27412000 	/usr/lib/libxml2.2.dylib
0x00007fff20510000 	/usr/lib/libc++.1.dylib
0x00007fff2a9fa000 	/usr/lib/libcompression.dylib
0x00007fff2bfa6000 	/System/Library/PrivateFrameworks/TextureIO.framework/Versions/A/TextureIO
0x00007fff2b029000 	/usr/lib/libate.dylib
0x00007fff2a77d000 	/usr/lib/system/libcache.dylib
0x00007fff2a739000 	/usr/lib/system/libcommonCrypto.dylib
0x00007fff2a763000 	/usr/lib/system/libcompiler_rt.dylib
0x00007fff2a758000 	/usr/lib/system/libcopyfile.dylib
0x00007fff2033a000 	/usr/lib/system/libcorecrypto.dylib
0x00007fff20405000 	/usr/lib/system/libdispatch.dylib
0x00007fff205b8000 	/usr/lib/system/libdyld.dylib
0x00007fff2a774000 	/usr/lib/system/libkeymgr.dylib
0x00007fff2db8a000 	/usr/lib/system/liblaunch.dylib
0x00007fff2a717000 	/usr/lib/system/libmacho.dylib
0x00007fff29f0f000 	/usr/lib/system/libquarantine.dylib
0x00007fff2a771000 	/usr/lib/system/libremovefile.dylib
0x00007fff24e14000 	/usr/lib/system/libsystem_asl.dylib
0x00007fff202ea000 	/usr/lib/system/libsystem_blocks.dylib
0x00007fff20487000 	/usr/lib/system/libsystem_c.dylib
0x00007fff2a76b000 	/usr/lib/system/libsystem_collections.dylib
0x00007fff29215000 	/usr/lib/system/libsystem_configuration.dylib
0x00007fff284fd000 	/usr/lib/system/libsystem_containermanager.dylib
0x00007fff2a4ba000 	/usr/lib/system/libsystem_coreservices.dylib
0x00007fff229f3000 	/usr/lib/system/libsystem_darwin.dylib
0x00007fff2a775000 	/usr/lib/system/libsystem_dnssd.dylib
0x00007fff20484000 	/usr/lib/system/libsystem_featureflags.dylib
0x00007fff205fe000 	/usr/lib/system/libsystem_info.dylib
0x00007fff2a6ce000 	/usr/lib/system/libsystem_m.dylib
0x00007fff203d8000 	/usr/lib/system/libsystem_malloc.dylib
0x00007fff24da7000 	/usr/lib/system/libsystem_networkextension.dylib
0x00007fff22e12000 	/usr/lib/system/libsystem_notify.dylib
0x00007fff30019000 	/usr/lib/system/libsystem_product_info_filter.dylib
0x00007fff29219000 	/usr/lib/system/libsystem_sandbox.dylib
0x00007fff2a76e000 	/usr/lib/system/libsystem_secinit.dylib
0x00007fff2057c000 	/usr/lib/system/libsystem_kernel.dylib
0x00007fff205f4000 	/usr/lib/system/libsystem_platform.dylib
0x00007fff205ac000 	/usr/lib/system/libsystem_pthread.dylib
0x00007fff264ef000 	/usr/lib/system/libsystem_symptoms.dylib
0x00007fff20322000 	/usr/lib/system/libsystem_trace.dylib
0x00007fff2a745000 	/usr/lib/system/libunwind.dylib
0x00007fff202ec000 	/usr/lib/system/libxpc.dylib
0x00007fff20566000 	/usr/lib/libc++abi.dylib
0x00007fff2a750000 	/usr/lib/liboah.dylib
0x00007fff2ae0e000 	/usr/lib/liblzma.5.dylib
0x00007fff210eb000 	/System/Library/Frameworks/SystemConfiguration.framework/Versions/A/SystemConfiguration
0x00007fff2a785000 	/usr/lib/libfakelink.dylib
0x00007fff24908000 	/System/Library/Frameworks/CFNetwork.framework/Versions/A/CFNetwork
0x00007fff2a8c5000 	/usr/lib/libarchive.2.dylib
0x00007fff21169000 	/usr/lib/libCRFSuite.dylib
0x00007fff29f36000 	/usr/lib/libbsm.0.dylib
0x00007fff24281000 	/usr/lib/libnetwork.dylib
0x00007fff2a78a000 	/usr/lib/libpcap.A.dylib
0x00007fff264e8000 	/usr/lib/libdns_services.dylib
0x00007fff2ae27000 	/usr/lib/libcoretls_cfhelpers.dylib
0x00007fff2a9c4000 	/usr/lib/libapple_nghttp2.dylib
0x00007fff2a71d000 	/usr/lib/system/libkxld.dylib
0x00007fff26161000 	/usr/lib/libsqlite3.dylib
0x00007fff2a49d000 	/System/Library/PrivateFrameworks/AppleFSCompression.framework/Versions/A/AppleFSCompression
0x00007fff29f1e000 	/usr/lib/libcoretls.dylib
0x00007fff2a9f5000 	/usr/lib/libpam.2.dylib
0x00007fff2af25000 	/usr/lib/libxar.1.dylib
0x00007fff29220000 	/System/Library/PrivateFrameworks/AppleSystemInfo.framework/Versions/A/AppleSystemInfo
0x00007fff29b60000 	/System/Library/PrivateFrameworks/IOMobileFramebuffer.framework/Versions/A/IOMobileFramebuffer
0x00007fff2a4ad000 	/usr/lib/libbz2.1.0.dylib
0x00007fff2a7c2000 	/usr/lib/libiconv.2.dylib
0x00007fff2a716000 	/usr/lib/libcharset.1.dylib
0x00007fff27395000 	/System/Library/Frameworks/CoreServices.framework/Versions/A/Frameworks/FSEvents.framework/Versions/A/FSEvents
0x00007fff229fd000 	/System/Library/Frameworks/CoreServices.framework/Versions/A/Frameworks/CarbonCore.framework/Versions/A/CarbonCore
0x00007fff26703000 	/System/Library/Frameworks/CoreServices.framework/Versions/A/Frameworks/Metadata.framework/Versions/A/Metadata
0x00007fff2a4bf000 	/System/Library/Frameworks/CoreServices.framework/Versions/A/Frameworks/OSServices.framework/Versions/A/OSServices
0x00007fff2a937000 	/System/Library/Frameworks/CoreServices.framework/Versions/A/Frameworks/SearchKit.framework/Versions/A/SearchKit
0x00007fff26473000 	/System/Library/Frameworks/CoreServices.framework/Versions/A/Frameworks/AE.framework/Versions/A/AE
0x00007fff20ac8000 	/System/Library/Frameworks/CoreServices.framework/Versions/A/Frameworks/LaunchServices.framework/Versions/A/LaunchServices
0x00007fff2adbe000 	/System/Library/Frameworks/CoreServices.framework/Versions/A/Frameworks/DictionaryServices.framework/Versions/A/DictionaryServices
0x00007fff273a2000 	/System/Library/Frameworks/CoreServices.framework/Versions/A/Frameworks/SharedFileList.framework/Versions/A/SharedFileList
0x00007fff29f12000 	/usr/lib/libCheckFix.dylib
0x00007fff24e2b000 	/System/Library/PrivateFrameworks/TCC.framework/Versions/A/TCC
0x00007fff29226000 	/System/Library/PrivateFrameworks/CoreNLP.framework/Versions/A/CoreNLP
0x00007fff266b6000 	/System/Library/PrivateFrameworks/MetadataUtilities.framework/Versions/A/MetadataUtilities
0x00007fff2119e000 	/usr/lib/libmecabra.dylib
0x00007fff2a21c000 	/System/Library/Frameworks/MLCompute.framework/Versions/A/MLCompute
0x00007fff29f47000 	/usr/lib/libmecab.dylib
0x00007fff29f91000 	/usr/lib/libgermantok.dylib
0x00007fff2a99f000 	/usr/lib/libThaiTokenizer.dylib
0x00007fff2af60000 	/usr/lib/libChineseTokenizer.dylib
0x00007fff2a9f3000 	/System/Library/Frameworks/MetalPerformanceShaders.framework/Versions/A/MetalPerformanceShaders
0x00007fff267a5000 	/System/Library/Frameworks/Accelerate.framework/Versions/A/Frameworks/vImage.framework/Versions/A/vImage
0x00007fff300f1000 	/System/Library/Frameworks/Accelerate.framework/Versions/A/Frameworks/vecLib.framework/Versions/A/vecLib
0x00007fff2af6b000 	/System/Library/Frameworks/Accelerate.framework/Versions/A/Frameworks/vecLib.framework/Versions/A/libvMisc.dylib
0x00007fff2997b000 	/System/Library/Frameworks/Accelerate.framework/Versions/A/Frameworks/vecLib.framework/Versions/A/libvDSP.dylib
0x00007fff20dd1000 	/System/Library/Frameworks/Accelerate.framework/Versions/A/Frameworks/vecLib.framework/Versions/A/libBLAS.dylib
0x00007fff2aa20000 	/System/Library/Frameworks/Accelerate.framework/Versions/A/Frameworks/vecLib.framework/Versions/A/libLAPACK.dylib
0x00007fff29f97000 	/System/Library/Frameworks/Accelerate.framework/Versions/A/Frameworks/vecLib.framework/Versions/A/libLinearAlgebra.dylib
0x00007fff2a9dc000 	/System/Library/Frameworks/Accelerate.framework/Versions/A/Frameworks/vecLib.framework/Versions/A/libSparseBLAS.dylib
0x00007fff2aa1a000 	/System/Library/Frameworks/Accelerate.framework/Versions/A/Frameworks/vecLib.framework/Versions/A/libQuadrature.dylib
0x00007fff292d2000 	/System/Library/Frameworks/Accelerate.framework/Versions/A/Frameworks/vecLib.framework/Versions/A/libBNNS.dylib
0x00007fff2107c000 	/System/Library/Frameworks/Accelerate.framework/Versions/A/Frameworks/vecLib.framework/Versions/A/libSparse.dylib
0x00007fff291ae000 	/System/Library/Frameworks/MetalPerformanceShaders.framework/Versions/A/Frameworks/MPSCore.framework/Versions/A/MPSCore
0x00007fff2a40c000 	/System/Library/Frameworks/MetalPerformanceShaders.framework/Versions/A/Frameworks/MPSImage.framework/Versions/A/MPSImage
0x00007fff29fad000 	/System/Library/Frameworks/MetalPerformanceShaders.framework/Versions/A/Frameworks/MPSNeuralNetwork.framework/Versions/A/MPSNeuralNetwork
0x00007fff2a37e000 	/System/Library/Frameworks/MetalPerformanceShaders.framework/Versions/A/Frameworks/MPSMatrix.framework/Versions/A/MPSMatrix
0x00007fff2a1cc000 	/System/Library/Frameworks/MetalPerformanceShaders.framework/Versions/A/Frameworks/MPSRayIntersector.framework/Versions/A/MPSRayIntersector
0x00007fff2a3b5000 	/System/Library/Frameworks/MetalPerformanceShaders.framework/Versions/A/Frameworks/MPSNDArray.framework/Versions/A/MPSNDArray
0x00007fff20cfd000 	/System/Library/PrivateFrameworks/MetalTools.framework/Versions/A/MetalTools
0x00007fff2921e000 	/System/Library/PrivateFrameworks/AggregateDictionary.framework/Versions/A/AggregateDictionary
0x00007fff26683000 	/System/Library/PrivateFrameworks/CoreAnalytics.framework/Versions/A/CoreAnalytics
0x00007fff2a9a1000 	/System/Library/PrivateFrameworks/AppleSauce.framework/Versions/A/AppleSauce
0x00007fff28520000 	/System/Library/PrivateFrameworks/IOAccelerator.framework/Versions/A/IOAccelerator
0x00007fff6bbbf000 	/System/Library/Frameworks/OpenGL.framework/Versions/A/Libraries/libCoreFSCache.dylib
0x00007fff21736000 	/System/Library/PrivateFrameworks/LanguageModeling.framework/Versions/A/LanguageModeling
0x00007fff29b4e000 	/System/Library/PrivateFrameworks/CoreEmoji.framework/Versions/A/CoreEmoji
0x00007fff292cb000 	/System/Library/PrivateFrameworks/LinguisticData.framework/Versions/A/LinguisticData
0x00007fff2102e000 	/System/Library/PrivateFrameworks/Lexicon.framework/Versions/A/Lexicon
0x00007fff2a8b3000 	/usr/lib/libcmph.dylib
0x00007fff27375000 	/System/Library/Frameworks/OpenDirectory.framework/Versions/A/Frameworks/CFOpenDirectory.framework/Versions/A/CFOpenDirectory
0x00007fff27365000 	/System/Library/Frameworks/OpenDirectory.framework/Versions/A/OpenDirectory
0x00007fff2ae29000 	/System/Library/PrivateFrameworks/APFS.framework/Versions/A/APFS
0x00007fff29e74000 	/System/Library/Frameworks/SecurityFoundation.framework/Versions/A/SecurityFoundation
0x00007fff2af33000 	/usr/lib/libutil.dylib
0x00007fff22d28000 	/System/Library/PrivateFrameworks/CoreServicesStore.framework/Versions/A/CoreServicesStore
0x00007fff29f0a000 	/System/Library/Frameworks/ServiceManagement.framework/Versions/A/ServiceManagement
0x00007fff2af37000 	/usr/lib/libxslt.1.dylib
0x00007fff29f00000 	/System/Library/PrivateFrameworks/BackgroundTaskManagement.framework/Versions/A/BackgroundTaskManagement
0x00007fff2bef0000 	/System/Library/Frameworks/ImageIO.framework/Versions/A/Resources/libRadiance.dylib
0x00007fff2befa000 	/System/Library/Frameworks/ImageIO.framework/Versions/A/Resources/libJPEG.dylib
0x00007fff2be44000 	/System/Library/Frameworks/ImageIO.framework/Versions/A/Resources/libPng.dylib
0x00007fff2be6b000 	/System/Library/Frameworks/ImageIO.framework/Versions/A/Resources/libTIFF.dylib
0x00007fff2bf4f000 	/System/Library/Frameworks/ImageIO.framework/Versions/A/Resources/libGIF.dylib
0x00007fff2bb96000 	/System/Library/Frameworks/ImageIO.framework/Versions/A/Resources/libJP2.dylib
0x00007fff2b2b2000 	/usr/lib/libexpat.1.dylib
0x00007fff2bb4c000 	/System/Library/PrivateFrameworks/AppleJPEG.framework/Versions/A/AppleJPEG
0x00007fff28756000 	/System/Library/PrivateFrameworks/FontServices.framework/libFontParser.dylib
0x00007fff2642a000 	/System/Library/PrivateFrameworks/RunningBoardServices.framework/Versions/A/RunningBoardServices
0x00007fff2bc76000 	/System/Library/PrivateFrameworks/WatchdogClient.framework/Versions/A/WatchdogClient
0x00007fff2181f000 	/System/Library/Frameworks/CoreDisplay.framework/Versions/A/CoreDisplay
0x00007fff2866b000 	/System/Library/Frameworks/CoreMedia.framework/Versions/A/CoreMedia
0x00007fff274f5000 	/System/Library/Frameworks/CoreVideo.framework/Versions/A/CoreVideo
0x00007fff2bcb1000 	/System/Library/Frameworks/VideoToolbox.framework/Versions/A/VideoToolbox
0x00007fff263aa000 	/System/Library/PrivateFrameworks/BaseBoard.framework/Versions/A/BaseBoard
0x00007fff2b3f6000 	/System/Library/PrivateFrameworks/PersistentConnection.framework/Versions/A/PersistentConnection
0x00007fff2614b000 	/System/Library/PrivateFrameworks/ProtocolBuffer.framework/Versions/A/ProtocolBuffer
0x00007fff26392000 	/System/Library/PrivateFrameworks/CommonUtilities.framework/Versions/A/CommonUtilities
0x00007fff2bb0f000 	/System/Library/PrivateFrameworks/Bom.framework/Versions/A/Bom
0x00007fff2bee8000 	/System/Library/PrivateFrameworks/GPUWrangler.framework/Versions/A/GPUWrangler
0x00007fff2becb000 	/System/Library/PrivateFrameworks/IOPresentment.framework/Versions/A/IOPresentment
0x00007fff2bef4000 	/System/Library/PrivateFrameworks/DSExternalDisplay.framework/Versions/A/DSExternalDisplay
0x00007fff2bf54000 	/System/Library/PrivateFrameworks/CMCaptureCore.framework/Versions/A/CMCaptureCore
0x00007fff2b892000 	/System/Library/PrivateFrameworks/AppServerSupport.framework/Versions/A/AppServerSupport
0x00007fff2d92d000 	/System/Library/PrivateFrameworks/perfdata.framework/Versions/A/perfdata
0x00007fff29e63000 	/System/Library/PrivateFrameworks/AssertionServices.framework/Versions/A/AssertionServices
0x00007fff21956000 	/System/Library/PrivateFrameworks/AudioToolboxCore.framework/Versions/A/AudioToolboxCore
0x00007fff2864e000 	/System/Library/PrivateFrameworks/caulk.framework/Versions/A/caulk
0x00007fff3cd65000 	/System/Library/PrivateFrameworks/SystemPolicy.framework/Versions/A/SystemPolicy
0x00007fff2b0c1000 	/usr/lib/libIOReport.dylib
0x00007fff2d169000 	/usr/lib/libSMC.dylib
0x00007fff2be10000 	/usr/lib/libAudioToolboxUtility.dylib
0x00007fff3d6bf000 	/usr/lib/libmis.dylib
0x00007fff6bc1b000 	/System/Library/Frameworks/OpenGL.framework/Versions/A/Libraries/libGLU.dylib
0x00007fff6bbde000 	/System/Library/Frameworks/OpenGL.framework/Versions/A/Libraries/libGFXShared.dylib
0x00007fff6bdec000 	/System/Library/Frameworks/OpenGL.framework/Versions/A/Libraries/libGL.dylib
0x00007fff6bbe7000 	/System/Library/Frameworks/OpenGL.framework/Versions/A/Libraries/libGLImage.dylib
0x00007fff6bbdb000 	/System/Library/Frameworks/OpenGL.framework/Versions/A/Libraries/libCVMSPluginSupport.dylib
0x00007fff6bbc6000 	/System/Library/Frameworks/OpenGL.framework/Versions/A/Libraries/libCoreVMClient.dylib
0x00007fff6d236000 	/System/Library/Frameworks/OpenCL.framework/Versions/A/OpenCL
0x00007fff2b41f000 	/System/Library/PrivateFrameworks/GraphVisualizer.framework/Versions/A/GraphVisualizer
0x00007fff2b42e000 	/System/Library/PrivateFrameworks/FaceCore.framework/Versions/A/FaceCore
0x00007fff2b84a000 	/System/Library/PrivateFrameworks/OTSVG.framework/Versions/A/OTSVG
0x00007fff270ea000 	/System/Library/Frameworks/ApplicationServices.framework/Versions/A/Frameworks/ATS.framework/Versions/A/Resources/libFontRegistry.dylib
0x00007fff2b899000 	/System/Library/PrivateFrameworks/FontServices.framework/libhvf.dylib
0x00007fff2b25e000 	/System/Library/PrivateFrameworks/AppleVA.framework/Versions/A/AppleVA
0x00007fff2cfb1000 	/System/Library/Frameworks/ApplicationServices.framework/Versions/A/Frameworks/ATS.framework/Versions/A/ATS
0x00007fff2d2c4000 	/System/Library/Frameworks/ApplicationServices.framework/Versions/A/Frameworks/ColorSyncLegacy.framework/Versions/A/ColorSyncLegacy
0x00007fff25929000 	/System/Library/Frameworks/ApplicationServices.framework/Versions/A/Frameworks/HIServices.framework/Versions/A/HIServices
0x00007fff2d2a9000 	/System/Library/Frameworks/ApplicationServices.framework/Versions/A/Frameworks/LangAnalysis.framework/Versions/A/LangAnalysis
0x00007fff2bf5e000 	/System/Library/Frameworks/ApplicationServices.framework/Versions/A/Frameworks/PrintCore.framework/Versions/A/PrintCore
0x00007fff2d2cc000 	/System/Library/Frameworks/ApplicationServices.framework/Versions/A/Frameworks/QD.framework/Versions/A/QD
0x00007fff2cfa1000 	/System/Library/Frameworks/ApplicationServices.framework/Versions/A/Frameworks/SpeechSynthesis.framework/Versions/A/SpeechSynthesis
0x00007fff2bf1f000 	/System/Library/Frameworks/ApplicationServices.framework/Versions/A/Frameworks/ATSUI.framework/Versions/A/ATSUI
0x00007fff2d249000 	/usr/lib/libcups.2.dylib
0x00007fff2d2b9000 	/System/Library/PrivateFrameworks/NetAuth.framework/Versions/A/NetAuth
0x00007fff2d948000 	/System/Library/Frameworks/Kerberos.framework/Versions/A/Kerberos
0x00007fff2d958000 	/System/Library/Frameworks/GSS.framework/Versions/A/GSS
0x00007fff2d01e000 	/usr/lib/libresolv.9.dylib
0x00007fff2b8af000 	/System/Library/PrivateFrameworks/Heimdal.framework/Versions/A/Heimdal
0x00007fff335eb000 	/System/Library/Frameworks/Kerberos.framework/Versions/A/Libraries/libHeimdalProxy.dylib
0x00007fff264f7000 	/System/Library/Frameworks/Network.framework/Versions/A/Network
0x00007fff2b2cb000 	/usr/lib/libheimdal-asn1.dylib
0x00007fff2d9a9000 	/System/Library/PrivateFrameworks/CommonAuth.framework/Versions/A/CommonAuth
0x00007fff27543000 	/System/Library/PrivateFrameworks/login.framework/Versions/A/Frameworks/loginsupport.framework/Versions/A/loginsupport
0x00007fff2cf28000 	/System/Library/PrivateFrameworks/AudioSession.framework/Versions/A/AudioSession
0x00007fff2cf8e000 	/usr/lib/libAudioStatistics.dylib
0x00007fff2b357000 	/System/Library/PrivateFrameworks/MediaExperience.framework/Versions/A/MediaExperience
0x00007fff2cdc1000 	/System/Library/PrivateFrameworks/AudioSession.framework/libSessionUtility.dylib
0x00007fff2d939000 	/usr/lib/libperfcheck.dylib
0x00007fff2d2d8000 	/System/Library/PrivateFrameworks/AudioResourceArbitration.framework/Versions/A/AudioResourceArbitration
0x00007fff2b2d5000 	/System/Library/PrivateFrameworks/IconFoundation.framework/Versions/A/IconFoundation
0x00007fff2fdd4000 	/System/Library/PrivateFrameworks/SpeechRecognitionCore.framework/Versions/A/SpeechRecognitionCore
0x000000010a000000 	/Users/tristanpoland/Library/Application Support/gdlauncher_next/java/8u242-b08/lib/server/libjvm.dylib
0x00007fff7814e000 	/usr/lib/libstdc++.6.dylib
0x00000001059da000 	/Users/tristanpoland/Library/Application Support/gdlauncher_next/java/8u242-b08/lib/libverify.dylib
0x00000001059e7000 	/Users/tristanpoland/Library/Application Support/gdlauncher_next/java/8u242-b08/lib/libjava.dylib
0x0000000105a67000 	/Users/tristanpoland/Library/Application Support/gdlauncher_next/java/8u242-b08/lib/libzip.dylib
0x0000000105f39000 	/Users/tristanpoland/Library/Application Support/gdlauncher_next/java/8u242-b08/lib/libnio.dylib
0x0000000105f49000 	/Users/tristanpoland/Library/Application Support/gdlauncher_next/java/8u242-b08/lib/libnet.dylib
0x000000010c37b000 	/Users/tristanpoland/Library/Application Support/gdlauncher_next/java/8u242-b08/lib/libmanagement.dylib
0x000000013483d000 	/Users/tristanpoland/Library/Application Support/gdlauncher_next/java/8u242-b08/lib/libawt.dylib
0x00000001348e6000 	/Users/tristanpoland/Library/Application Support/gdlauncher_next/java/8u242-b08/lib/libmlib_image.dylib
0x00007fff6eb6b000 	/System/Library/Frameworks/JavaNativeFoundation.framework/Versions/A/JavaNativeFoundation
0x00007fff6eb77000 	/System/Library/Frameworks/JavaRuntimeSupport.framework/Versions/A/JavaRuntimeSupport
0x00007fff3caaf000 	/System/Library/Frameworks/Carbon.framework/Versions/A/Carbon
0x00007fff31c45000 	/System/Library/PrivateFrameworks/CoreSymbolication.framework/Versions/A/CoreSymbolication
0x00007fff36566000 	/System/Library/Frameworks/Carbon.framework/Versions/A/Frameworks/CommonPanels.framework/Versions/A/CommonPanels
0x00007fff33080000 	/System/Library/Frameworks/Carbon.framework/Versions/A/Frameworks/Help.framework/Versions/A/Help
0x00007fff3656a000 	/System/Library/Frameworks/Carbon.framework/Versions/A/Frameworks/ImageCapture.framework/Versions/A/ImageCapture
0x00007fff3653a000 	/System/Library/Frameworks/Carbon.framework/Versions/A/Frameworks/OpenScripting.framework/Versions/A/OpenScripting
0x00007fff36562000 	/System/Library/Frameworks/Carbon.framework/Versions/A/Frameworks/Ink.framework/Versions/A/Ink
0x00007fff3caab000 	/System/Library/Frameworks/Carbon.framework/Versions/A/Frameworks/Print.framework/Versions/A/Print
0x00007fff3655e000 	/System/Library/Frameworks/Carbon.framework/Versions/A/Frameworks/SecurityHI.framework/Versions/A/SecurityHI
0x00007fff31c09000 	/System/Library/PrivateFrameworks/DebugSymbols.framework/Versions/A/DebugSymbols
0x00000001349b2000 	/Users/tristanpoland/Library/Application Support/gdlauncher_next/java/8u242-b08/lib/libawt_lwawt.dylib
0x0000000134a6c000 	/Users/tristanpoland/Library/Application Support/gdlauncher_next/java/8u242-b08/lib/libosxapp.dylib
0x00007fff3c0ca000 	/System/Library/Frameworks/ExceptionHandling.framework/Versions/A/ExceptionHandling
0x00007fff22ce9000 	/System/Library/PrivateFrameworks/CoreServicesInternal.framework/Versions/A/CoreServicesInternal
0x00007fff3115b000 	/System/Library/Frameworks/FileProvider.framework/Versions/A/FileProvider
0x00007fff26315000 	/System/Library/Frameworks/Accounts.framework/Versions/A/Accounts
0x00007fff312ab000 	/System/Library/PrivateFrameworks/GenerationalStorage.framework/Versions/A/GenerationalStorage
0x00007fff30b7b000 	/System/Library/PrivateFrameworks/SymptomDiagnosticReporter.framework/Versions/A/SymptomDiagnosticReporter
0x00007fff23e17000 	/System/Library/PrivateFrameworks/DesktopServicesPriv.framework/Versions/A/DesktopServicesPriv
0x00007fff22e1e000 	/usr/lib/libsandbox.1.dylib
0x00007fff2756e000 	/System/Library/PrivateFrameworks/UserManagement.framework/Versions/A/UserManagement
0x00007fff29e40000 	/System/Library/PrivateFrameworks/MobileKeyBag.framework/Versions/A/MobileKeyBag
0x00007fff3466d000 	/System/Library/PrivateFrameworks/ChunkingLibrary.framework/Versions/A/ChunkingLibrary
0x00007fff2e36c000 	/System/Library/PrivateFrameworks/Sharing.framework/Versions/A/Sharing
0x00007fff32bed000 	/System/Library/PrivateFrameworks/Apple80211.framework/Versions/A/Apple80211
0x00007fff2a4ed000 	/System/Library/PrivateFrameworks/AuthKit.framework/Versions/A/AuthKit
0x00007fff29c3e000 	/System/Library/PrivateFrameworks/CoreUtils.framework/Versions/A/CoreUtils
0x00007fff29b6b000 	/System/Library/Frameworks/CoreWLAN.framework/Versions/A/CoreWLAN
0x00007fff2e4b8000 	/System/Library/Frameworks/IOBluetooth.framework/Versions/A/IOBluetooth
0x00007fff32c51000 	/System/Library/PrivateFrameworks/CoreWiFi.framework/Versions/A/CoreWiFi
0x00007fff2da2f000 	/System/Library/PrivateFrameworks/CorePhoneNumbers.framework/Versions/A/CorePhoneNumbers
0x00007fff30c82000 	/System/Library/PrivateFrameworks/DiskManagement.framework/Versions/A/DiskManagement
0x00007fff30b98000 	/System/Library/PrivateFrameworks/AppleIDAuthSupport.framework/Versions/A/AppleIDAuthSupport
0x00007fff2da0f000 	/System/Library/PrivateFrameworks/KeychainCircle.framework/Versions/A/KeychainCircle
0x00007fff30c4e000 	/System/Library/PrivateFrameworks/MediaKit.framework/Versions/A/MediaKit
0x00007fff30ba5000 	/System/Library/Frameworks/DiscRecording.framework/Versions/A/DiscRecording
0x00007fff2b1d2000 	/usr/lib/libCoreStorage.dylib
0x00007fff3308c000 	/usr/lib/libcsfde.dylib
0x00007fff2e5f3000 	/System/Library/PrivateFrameworks/ProtectedCloudStorage.framework/Versions/A/ProtectedCloudStorage
0x00007fff33084000 	/System/Library/PrivateFrameworks/EFILogin.framework/Versions/A/EFILogin
0x00007fff3369e000 	/System/Library/Frameworks/AudioUnit.framework/Versions/A/AudioUnit
0x00007fff30b15000 	/System/Library/Frameworks/CoreBluetooth.framework/Versions/A/CoreBluetooth
0x00007fff2b1ca000 	/usr/lib/libMatch.1.dylib
0x00007fff4392a000 	/System/Library/CoreServices/RawCamera.bundle/Contents/MacOS/RawCamera
0x00007fff2d9ba000 	/System/Library/PrivateFrameworks/MobileAsset.framework/Versions/A/MobileAsset
0x00007fff336c2000 	/System/Library/PrivateFrameworks/StreamingZip.framework/Versions/A/StreamingZip
0x00007fff2c156000 	/System/Library/Frameworks/MediaToolbox.framework/Versions/A/MediaToolbox
0x00007fff3112d000 	/System/Library/PrivateFrameworks/CoreAVCHD.framework/Versions/A/CoreAVCHD
0x00007fff30314000 	/System/Library/Frameworks/MediaAccessibility.framework/Versions/A/MediaAccessibility
0x00007fff31129000 	/System/Library/PrivateFrameworks/Mangrove.framework/Versions/A/Mangrove
0x00007fff30320000 	/System/Library/PrivateFrameworks/AlgosScoreFramework.framework/Versions/A/AlgosScoreFramework
0x00007fff31b17000 	/System/Library/PrivateFrameworks/AppleVPA.framework/Versions/A/AppleVPA
0x00007fff30d6e000 	/System/Library/PrivateFrameworks/CoreAUC.framework/Versions/A/CoreAUC
0x00007fff41381000 	/System/Library/Frameworks/Accelerate.framework/Versions/A/Frameworks/vImage.framework/Versions/A/Libraries/libCGInterfaces.dylib
0x0000000136cbd000 	/usr/lib/libobjc-trampolines.dylib
0x00007fff35507000 	/System/Library/PrivateFrameworks/FamilyControls.framework/Versions/A/FamilyControls
0x00007fff3552b000 	/System/Library/PrivateFrameworks/CommerceKit.framework/Versions/A/Frameworks/CommerceCore.framework/Versions/A/CommerceCore
0x00007fff30351000 	/System/Library/PrivateFrameworks/SystemAdministration.framework/Versions/A/SystemAdministration
0x00007fff2e5da000 	/System/Library/PrivateFrameworks/AppContainer.framework/Versions/A/AppContainer
0x00007fff2e5ef000 	/System/Library/PrivateFrameworks/SecCodeWrapper.framework/Versions/A/SecCodeWrapper
0x00007fff2b0c9000 	/System/Library/PrivateFrameworks/CrashReporterSupport.framework/Versions/A/CrashReporterSupport
0x00007fff47aa4000 	/System/Library/PrivateFrameworks/OSAnalytics.framework/Versions/A/OSAnalytics
0x00007fff77a34000 	/usr/lib/libRosetta.dylib
0x00007fff33013000 	/System/Library/PrivateFrameworks/RemoteServiceDiscovery.framework/Versions/A/RemoteServiceDiscovery
0x00007fff51744000 	/System/Library/PrivateFrameworks/Symbolication.framework/Versions/A/Symbolication
0x00007fff3d69f000 	/System/Library/PrivateFrameworks/MallocStackLogging.framework/Versions/A/MallocStackLogging
0x00007fff2b970000 	/System/Library/PrivateFrameworks/login.framework/Versions/A/login
0x00007fff2fda0000 	/System/Library/Frameworks/DirectoryService.framework/Versions/A/DirectoryService
0x00007fff32f2c000 	/System/Library/PrivateFrameworks/DiskImages.framework/Versions/A/DiskImages
0x00007fff330ff000 	/System/Library/PrivateFrameworks/LoginUIKit.framework/Versions/A/Frameworks/LoginUICore.framework/Versions/A/LoginUICore
0x00007fff2bb0b000 	/usr/lib/libodfde.dylib
0x00007fff33098000 	/usr/lib/libcurl.4.dylib
0x00007fff32df8000 	/usr/lib/libcrypto.44.dylib
0x00007fff32efe000 	/usr/lib/libssl.46.dylib
0x00007fff32dbe000 	/System/Library/Frameworks/LDAP.framework/Versions/A/LDAP
0x00007fff32df6000 	/System/Library/PrivateFrameworks/TrustEvaluationAgent.framework/Versions/A/TrustEvaluationAgent
0x00007fff2d037000 	/usr/lib/libsasl2.2.dylib
0x00007fff30345000 	/System/Library/PrivateFrameworks/CoreDaemon.framework/Versions/B/CoreDaemon
0x00007fff30340000 	/System/Library/PrivateFrameworks/AppleSRP.framework/Versions/A/AppleSRP
0x00007fff2726d000 	/System/Library/PrivateFrameworks/ViewBridge.framework/Versions/A/ViewBridge
0x00007fff6bdf7000 	/System/Library/Frameworks/OpenGL.framework/Versions/A/Resources/GLEngine.bundle/GLEngine
0x00007fff6bc58000 	/System/Library/Frameworks/OpenGL.framework/Versions/A/Libraries/libGLProgrammability.dylib
0x00007fff65d30000 	/System/Library/Extensions/AppleIntelHD5000GraphicsGLDriver.bundle/Contents/MacOS/AppleIntelHD5000GraphicsGLDriver
0x00007fff4646e000 	/System/Library/PrivateFrameworks/GPUSupport.framework/Versions/A/Libraries/libGPUSupportMercury.dylib
0x00007fff61416000 	/System/Library/Extensions/GeForceGLDriver.bundle/Contents/MacOS/GeForceGLDriver
0x00007fff60d4e000 	/System/Library/Extensions/GeForceGLDriver.bundle/Contents/MacOS/libclh.dylib
0x00007fff6bf75000 	/System/Library/Frameworks/OpenGL.framework/Versions/A/Resources/GLRendererFloat.bundle/GLRendererFloat
0x0000000139d4e000 	/Users/tristanpoland/Library/Application Support/gdlauncher_next/java/8u242-b08/lib/libfontmanager.dylib
0x0000000139db8000 	/Users/tristanpoland/Library/Application Support/gdlauncher_next/java/8u242-b08/lib/libfreetype.6.dylib
0x0000000139e8a000 	/Users/tristanpoland/Library/Application Support/gdlauncher_next/java/8u242-b08/lib/libosxui.dylib
0x000000013a24b000 	/Users/tristanpoland/Library/Application Support/gdlauncher_next/java/8u242-b08/lib/libunpack.dylib
0x000000013a264000 	/Users/tristanpoland/Library/Application Support/gdlauncher_next/instances/Cruel World survival/natives/liblwjgl.dylib
0x000000013a2d6000 	/Users/tristanpoland/Library/Application Support/gdlauncher_next/java/8u242-b08/lib/libjawt.dylib

VM Arguments:
jvm_args: -Xmx10240m -Xms10240m -Dfml.ignorePatchDiscrepancies=true -Dfml.ignoreInvalidMinecraftCertificates=true -Xms256m -Djava.library.path=/Users/tristanpoland/Library/Application Support/gdlauncher_next/instances/Cruel World survival/natives -Dminecraft.applet.TargetDirectory=/Users/tristanpoland/Library/Application Support/gdlauncher_next/instances/Cruel World survival 
java_command: net.minecraft.launchwrapper.Launch --username TristanPoland --version 1.12.2 --gameDir /Users/tristanpoland/Library/Application Support/gdlauncher_next/instances/Cruel World survival --assetsDir /Users/tristanpoland/Library/Application Support/gdlauncher_next/datastore/assets --assetIndex 1.12 --uuid a4686b5b2f264015887dc42382f3f73d --accessToken eyJhbGciOiJIUzI1NiJ9.eyJzdWIiOiIxNGI4MjE4YWMyNzE0YjJmYjE0ZTljY2E3NTA0YmE2YiIsInlnZ3QiOiIyNWI0MTE2MmUwMjI0YzAzOWZhZjBlMjgyMGY1MGY0NSIsInNwciI6ImE0Njg2YjViMmYyNjQwMTU4ODdkYzQyMzgyZjNmNzNkIiwiaXNzIjoiWWdnZHJhc2lsLUF1dGgiLCJleHAiOjE2MzE1Mzc1NTcsImlhdCI6MTYzMTM2NDc1N30.godfU_Gc96tu_IWfSkGY32HZTryIVqDsp3x24hC4M0I --userType mojang --tweakClass net.minecraftforge.fml.common.launcher.FMLTweaker --versionType Forge --width 854 --height 480
java_class_path (initial): /Users/tristanpoland/Library/Application Support/gdlauncher_next/datastore/libraries/net/minecraftforge/forge/1.12.2-14.23.5.2855/forge-1.12.2-14.23.5.2855.jar:/Users/tristanpoland/Library/Application Support/gdlauncher_next/datastore/libraries/org/ow2/asm/asm-debug-all/5.2/asm-debug-all-5.2.jar:/Users/tristanpoland/Library/Application Support/gdlauncher_next/datastore/libraries/net/minecraft/launchwrapper/1.12/launchwrapper-1.12.jar:/Users/tristanpoland/Library/Application Support/gdlauncher_next/datastore/libraries/org/jline/jline/3.5.1/jline-3.5.1.jar:/Users/tristanpoland/Library/Application Support/gdlauncher_next/datastore/libraries/com/typesafe/akka/akka-actor_2.11/2.3.3/akka-actor_2.11-2.3.3.jar:/Users/tristanpoland/Library/Application Support/gdlauncher_next/datastore/libraries/com/typesafe/config/1.2.1/config-1.2.1.jar:/Users/tristanpoland/Library/Application Support/gdlauncher_next/datastore/libraries/org/scala-lang/scala-actors-migration_2.11/1.1.0/scala-actors-migration_2.11-1.1.0.jar:/Users/tristanpoland/Library/Application Support/gdlauncher_next/datastore/libraries/org/scala-lang/scala-compiler/2.11.1/scala-compiler-2.11.1.jar:/Users/tristanpoland/Library/Application Support/gdlauncher_next/datastore/libraries/org/scala-lang/plugins/scala-continuations-library_2.11/1.0.2_mc/scala-continuations-library_2.11-1.0.2_mc.jar:/Users/tristanpoland/Library/Application Support/gdlauncher_next/datastore/libraries/org/scala-lang/plugins/scala-continuations-plugin_2.11.1/1.0.2_mc/scala-continuations-plugin_2.11.1-1.0.2_mc.jar:/Users/tristanpoland/Library/Application Support/gdlauncher_next/datastore/libraries/org/scala-lang/scala-library/2.11.1/scala-library-2.11.1.jar:/Users/tristanpoland/Library/Application Support/gdlauncher_next/datastore/libraries/org/scala-lang/scala-parser-combinators_2.11/1.0.1/scala-parser-combinators_2.11-1.0.1.jar:/Users/tristanpoland/Library/Application Support/gdlauncher_next/datastore/libraries/org/scala-
Launcher Type: SUN_STANDARD

Environment Variables:
PATH=/usr/bin:/bin:/usr/sbin:/sbin
SHELL=/bin/bash
DISPLAY=/private/tmp/com.apple.launchd.GRhaMuh6dE/org.macosforge.xquartz:0

Signal Handlers:
SIGSEGV: [libjvm.dylib+0x588183], sa_mask[0]=11111111011111110111111111111111, sa_flags=SA_ONSTACK|SA_RESTART|SA_SIGINFO
SIGBUS: [libjvm.dylib+0x588183], sa_mask[0]=11111111011111110111111111111111, sa_flags=SA_RESTART|SA_SIGINFO
SIGFPE: [libjvm.dylib+0x46288c], sa_mask[0]=11111111011111110111111111111111, sa_flags=SA_RESTART|SA_SIGINFO
SIGPIPE: [libjvm.dylib+0x46288c], sa_mask[0]=11111111011111110111111111111111, sa_flags=SA_RESTART|SA_SIGINFO
SIGXFSZ: [libjvm.dylib+0x46288c], sa_mask[0]=11111111011111110111111111111111, sa_flags=SA_RESTART|SA_SIGINFO
SIGILL: [libjvm.dylib+0x46288c], sa_mask[0]=11111111011111110111111111111111, sa_flags=SA_RESTART|SA_SIGINFO
SIGUSR1: SIG_DFL, sa_mask[0]=00000000000000000000000000000000, sa_flags=SA_RESTART
SIGUSR2: [libjvm.dylib+0x4623aa], sa_mask[0]=00000000000000000000000000000000, sa_flags=SA_RESTART|SA_SIGINFO
SIGHUP: [libjvm.dylib+0x460935], sa_mask[0]=11111111011111110111111111111111, sa_flags=SA_RESTART|SA_SIGINFO
SIGINT: [libjvm.dylib+0x460935], sa_mask[0]=11111111011111110111111111111111, sa_flags=SA_RESTART|SA_SIGINFO
SIGTERM: [libjvm.dylib+0x460935], sa_mask[0]=11111111011111110111111111111111, sa_flags=SA_RESTART|SA_SIGINFO
SIGQUIT: [libjvm.dylib+0x460935], sa_mask[0]=11111111011111110111111111111111, sa_flags=SA_RESTART|SA_SIGINFO


---------------  S Y S T E M  ---------------

OS:Bsduname:Darwin 20.5.0 Darwin Kernel Version 20.5.0: Sat May  8 05:10:33 PDT 2021; root:xnu-7195.121.3~9/RELEASE_X86_64 x86_64
rlimit: STACK 8192k, CORE 0k, NPROC 2784, NOFILE 10240, AS infinity
load average:7.44 5.59 5.64

CPU:total 8 (initial active 8) (4 cores per cpu, 2 threads per core) family 6 model 70 stepping 1, cmov, cx8, fxsr, mmx, sse, sse2, sse3, ssse3, sse4.1, sse4.2, popcnt, avx, avx2, aes, clmul, erms, lzcnt, ht, tsc, tscinvbit, bmi1, bmi2

Memory: 4k page, physical 16777216k(36804k free)

/proc/meminfo:


vm_info: OpenJDK 64-Bit Server VM (25.242-b08) for bsd-amd64 JRE (1.8.0_242-b08), built on Jan 19 2020 06:43:11 by "jenkins" with gcc 4.2.1 (Based on Apple Inc. build 5658) (LLVM build 2336.11.00)

time: Sat Sep 11 10:27:21 2021
timezone: EDT
elapsed time: 21 seconds (0d 0h 0m 21s)

