[13:26:10][FINE/CustomNPCs][noppes.npcs.controllers.ScriptController:87] Tue Feb 22 13:26:10 EST 2022
[13:26:10][FINE/CustomNPCs][noppes.npcs.CustomNpcs:236] Script Engines Available:
[17:24:32][SEVERE/CustomNPCs][noppes.npcs.client.PacketHandlerClient$$Lambda$3917/952256696:-1] Error with EnumPacketClient.EYE_BLINK
[17:24:32][SEVERE/CustomNPCs][noppes.npcs.client.PacketHandlerClient$$Lambda$3917/952256696:-1] java.lang.NullPointerException
	at noppes.npcs.client.PacketHandlerClient.client(PacketHandlerClient.java:98)
	at noppes.npcs.client.PacketHandlerClient.lambda$onPacketData$0(PacketHandlerClient.java:66)
	at noppes.npcs.client.PacketHandlerClient$$Lambda$3917/952256696.run(Unknown Source)
	at java.util.concurrent.Executors$RunnableAdapter.call(Executors.java:511)
	at java.util.concurrent.FutureTask.run(FutureTask.java:266)
	at net.minecraft.util.Util.func_181617_a(Util.java:47)
	at net.minecraft.client.Minecraft.func_71411_J(Minecraft.java:1088)
	at net.minecraft.client.Minecraft.func_99999_d(Minecraft.java:398)
	at net.minecraft.client.main.Main.main(SourceFile:123)
	at sun.reflect.NativeMethodAccessorImpl.invoke0(Native Method)
	at sun.reflect.NativeMethodAccessorImpl.invoke(NativeMethodAccessorImpl.java:62)
	at sun.reflect.DelegatingMethodAccessorImpl.invoke(DelegatingMethodAccessorImpl.java:43)
	at java.lang.reflect.Method.invoke(Method.java:497)
	at net.minecraft.launchwrapper.Launch.launch(Launch.java:135)
	at net.minecraft.launchwrapper.Launch.main(Launch.java:28)
[17:24:44][FINE/CustomNPCs][noppes.npcs.controllers.LinkedNpcController:28] Loading Linked Npcs
[17:24:44][FINE/CustomNPCs][noppes.npcs.controllers.LinkedNpcController:28] Done loading Linked Npcs
[17:24:57][FINE/CustomNPCs][noppes.npcs.CustomNpcs:300] Loading Dialogs
[17:24:57][FINE/CustomNPCs][noppes.npcs.CustomNpcs:300] Done loading Dialogs
[18:40:18][FINE/CustomNPCs][noppes.npcs.controllers.LinkedNpcController:28] Loading Linked Npcs
[18:40:18][FINE/CustomNPCs][noppes.npcs.controllers.LinkedNpcController:28] Done loading Linked Npcs
[18:40:24][FINE/CustomNPCs][noppes.npcs.CustomNpcs:300] Loading Dialogs
[18:40:24][FINE/CustomNPCs][noppes.npcs.CustomNpcs:300] Done loading Dialogs
[18:48:44][FINE/CustomNPCs][noppes.npcs.controllers.LinkedNpcController:28] Loading Linked Npcs
[18:48:44][FINE/CustomNPCs][noppes.npcs.controllers.LinkedNpcController:28] Done loading Linked Npcs
[18:48:50][FINE/CustomNPCs][noppes.npcs.CustomNpcs:300] Loading Dialogs
[18:48:50][FINE/CustomNPCs][noppes.npcs.CustomNpcs:300] Done loading Dialogs
